# JRE version: Java(TM) SE Runtime Environment (8.0_60-b27) (build 1.8.0_60-b27)
# Java VM: Java HotSpot(TM) 64-Bit Server VM (25.60-b23 mixed mode windows-amd64 compressed oops)
Heap:
 PSYoungGen      total 566784K, used 105622K [0x00000000d5c00000, 0x00000000faf00000, 0x0000000100000000)
  eden space 528384K, 19% used [0x00000000d5c00000,0x00000000dc325bf0,0x00000000f6000000)
  from space 38400K, 0% used [0x00000000f6000000,0x00000000f6000000,0x00000000f8580000)
  to   space 34304K, 0% used [0x00000000f8580000,0x00000000f8580000,0x00000000fa700000)
 ParOldGen       total 87552K, used 70961K [0x0000000081400000, 0x0000000086980000, 0x00000000d5c00000)
  object space 87552K, 81% used [0x0000000081400000,0x000000008594c4c8,0x0000000086980000)
 Metaspace       used 4136K, capacity 5438K, committed 5632K, reserved 1056768K
  class space    used 443K, capacity 489K, committed 512K, reserved 1048576K
GC Heap History (10 events):
Event: 6.361 GC heap before
{Heap before GC invocations=6 (full 0):
 PSYoungGen      total 138240K, used 138208K [0x00000000d5c00000, 0x00000000e9300000, 0x0000000100000000)
  eden space 133120K, 100% used [0x00000000d5c00000,0x00000000dde00000,0x00000000dde00000)
  from space 5120K, 99% used [0x00000000dde00000,0x00000000de2f8030,0x00000000de300000)
  to   space 26112K, 0% used [0x00000000e7980000,0x00000000e7980000,0x00000000e9300000)
 ParOldGen       total 87552K, used 41286K [0x0000000081400000, 0x0000000086980000, 0x00000000d5c00000)
  object space 87552K, 47% used [0x0000000081400000,0x0000000083c51880,0x0000000086980000)
 Metaspace       used 4136K, capacity 5438K, committed 5632K, reserved 1056768K
  class space    used 443K, capacity 489K, committed 512K, reserved 1048576K
Event: 6.482 GC heap after
Heap after GC invocations=6 (full 0):
 PSYoungGen      total 291328K, used 16278K [0x00000000d5c00000, 0x00000000e9200000, 0x0000000100000000)
  eden space 266240K, 0% used [0x00000000d5c00000,0x00000000d5c00000,0x00000000e6000000)
  from space 25088K, 64% used [0x00000000e7980000,0x00000000e8965820,0x00000000e9200000)
  to   space 25600K, 0% used [0x00000000e6000000,0x00000000e6000000,0x00000000e7900000)
 ParOldGen       total 87552K, used 41286K [0x0000000081400000, 0x0000000086980000, 0x00000000d5c00000)
  object space 87552K, 47% used [0x0000000081400000,0x0000000083c51880,0x0000000086980000)
 Metaspace       used 4136K, capacity 5438K, committed 5632K, reserved 1056768K
  class space    used 443K, capacity 489K, committed 512K, reserved 1048576K
}
Event: 8.322 GC heap before
{Heap before GC invocations=7 (full 0):
 PSYoungGen      total 291328K, used 282518K [0x00000000d5c00000, 0x00000000e9200000, 0x0000000100000000)
  eden space 266240K, 100% used [0x00000000d5c00000,0x00000000e6000000,0x00000000e6000000)
  from space 25088K, 64% used [0x00000000e7980000,0x00000000e8965820,0x00000000e9200000)
  to   space 25600K, 0% used [0x00000000e6000000,0x00000000e6000000,0x00000000e7900000)
 ParOldGen       total 87552K, used 41286K [0x0000000081400000, 0x0000000086980000, 0x00000000d5c00000)
  object space 87552K, 47% used [0x0000000081400000,0x0000000083c51880,0x0000000086980000)
 Metaspace       used 4136K, capacity 5438K, committed 5632K, reserved 1056768K
  class space    used 443K, capacity 489K, committed 512K, reserved 1048576K
Event: 9.044 GC heap after
Heap after GC invocations=7 (full 0):
 PSYoungGen      total 291840K, used 25569K [0x00000000d5c00000, 0x00000000fa700000, 0x0000000100000000)
  eden space 266240K, 0% used [0x00000000d5c00000,0x00000000d5c00000,0x00000000e6000000)
  from space 25600K, 99% used [0x00000000e6000000,0x00000000e78f8408,0x00000000e7900000)
  to   space 34304K, 0% used [0x00000000f8580000,0x00000000f8580000,0x00000000fa700000)
 ParOldGen       total 87552K, used 50142K [0x0000000081400000, 0x0000000086980000, 0x00000000d5c00000)
  object space 87552K, 57% used [0x0000000081400000,0x00000000844f78a0,0x0000000086980000)
 Metaspace       used 4136K, capacity 5438K, committed 5632K, reserved 1056768K
  class space    used 443K, capacity 489K, committed 512K, reserved 1048576K
}
Event: 10.410 GC heap before
{Heap before GC invocations=8 (full 0):
 PSYoungGen      total 291840K, used 291809K [0x00000000d5c00000, 0x00000000fa700000, 0x0000000100000000)
  eden space 266240K, 100% used [0x00000000d5c00000,0x00000000e6000000,0x00000000e6000000)
  from space 25600K, 99% used [0x00000000e6000000,0x00000000e78f8408,0x00000000e7900000)
  to   space 34304K, 0% used [0x00000000f8580000,0x00000000f8580000,0x00000000fa700000)
 ParOldGen       total 87552K, used 50142K [0x0000000081400000, 0x0000000086980000, 0x00000000d5c00000)
  object space 87552K, 57% used [0x0000000081400000,0x00000000844f78a0,0x0000000086980000)
 Metaspace       used 4136K, capacity 5438K, committed 5632K, reserved 1056768K
  class space    used 443K, capacity 489K, committed 512K, reserved 1048576K
Event: 10.605 GC heap after
Heap after GC invocations=8 (full 0):
 PSYoungGen      total 562688K, used 30641K [0x00000000d5c00000, 0x00000000faf00000, 0x0000000100000000)
  eden space 528384K, 0% used [0x00000000d5c00000,0x00000000d5c00000,0x00000000f6000000)
  from space 34304K, 89% used [0x00000000f8580000,0x00000000fa36c5d8,0x00000000fa700000)
  to   space 38400K, 0% used [0x00000000f6000000,0x00000000f6000000,0x00000000f8580000)
 ParOldGen       total 87552K, used 50542K [0x0000000081400000, 0x0000000086980000, 0x00000000d5c00000)
  object space 87552K, 57% used [0x0000000081400000,0x000000008455b8a0,0x0000000086980000)
 Metaspace       used 4136K, capacity 5438K, committed 5632K, reserved 1056768K
  class space    used 443K, capacity 489K, committed 512K, reserved 1048576K
}
Event: 14.893 GC heap before
{Heap before GC invocations=9 (full 0):
 PSYoungGen      total 562688K, used 559025K [0x00000000d5c00000, 0x00000000faf00000, 0x0000000100000000)
  eden space 528384K, 100% used [0x00000000d5c00000,0x00000000f6000000,0x00000000f6000000)
  from space 34304K, 89% used [0x00000000f8580000,0x00000000fa36c5d8,0x00000000fa700000)
  to   space 38400K, 0% used [0x00000000f6000000,0x00000000f6000000,0x00000000f8580000)
 ParOldGen       total 87552K, used 50542K [0x0000000081400000, 0x0000000086980000, 0x00000000d5c00000)
  object space 87552K, 57% used [0x0000000081400000,0x000000008455b8a0,0x0000000086980000)
 Metaspace       used 4136K, capacity 5438K, committed 5632K, reserved 1056768K
  class space    used 443K, capacity 489K, committed 512K, reserved 1048576K
Event: 15.259 GC heap after
Heap after GC invocations=9 (full 0):
 PSYoungGen      total 566784K, used 38378K [0x00000000d5c00000, 0x00000000faf00000, 0x0000000100000000)
  eden space 528384K, 0% used [0x00000000d5c00000,0x00000000d5c00000,0x00000000f6000000)
  from space 38400K, 99% used [0x00000000f6000000,0x00000000f857a828,0x00000000f8580000)
  to   space 34304K, 0% used [0x00000000f8580000,0x00000000f8580000,0x00000000fa700000)
 ParOldGen       total 87552K, used 69878K [0x0000000081400000, 0x0000000086980000, 0x00000000d5c00000)
  object space 87552K, 79% used [0x0000000081400000,0x000000008583d8d0,0x0000000086980000)
 Metaspace       used 4136K, capacity 5438K, committed 5632K, reserved 1056768K
  class space    used 443K, capacity 489K, committed 512K, reserved 1048576K
}
Event: 15.260 GC heap before
{Heap before GC invocations=10 (full 1):
 PSYoungGen      total 566784K, used 38378K [0x00000000d5c00000, 0x00000000faf00000, 0x0000000100000000)
  eden space 528384K, 0% used [0x00000000d5c00000,0x00000000d5c00000,0x00000000f6000000)
  from space 38400K, 99% used [0x00000000f6000000,0x00000000f857a828,0x00000000f8580000)
  to   space 34304K, 0% used [0x00000000f8580000,0x00000000f8580000,0x00000000fa700000)
 ParOldGen       total 87552K, used 69878K [0x0000000081400000, 0x0000000086980000, 0x00000000d5c00000)
  object space 87552K, 79% used [0x0000000081400000,0x000000008583d8d0,0x0000000086980000)
 Metaspace       used 4136K, capacity 5438K, committed 5632K, reserved 1056768K
  class space    used 443K, capacity 489K, committed 512K, reserved 1048576K
Event: 17.082 GC heap after
Heap after GC invocations=10 (full 1):
 PSYoungGen      total 566784K, used 0K [0x00000000d5c00000, 0x00000000faf00000, 0x0000000100000000)
  eden space 528384K, 0% used [0x00000000d5c00000,0x00000000d5c00000,0x00000000f6000000)
  from space 38400K, 0% used [0x00000000f6000000,0x00000000f6000000,0x00000000f8580000)
  to   space 34304K, 0% used [0x00000000f8580000,0x00000000f8580000,0x00000000fa700000)
 ParOldGen       total 87552K, used 70961K [0x0000000081400000, 0x0000000086980000, 0x00000000d5c00000)
  object space 87552K, 81% used [0x0000000081400000,0x000000008594c4c8,0x0000000086980000)
 Metaspace       used 4136K, capacity 5438K, committed 5632K, reserved 1056768K
  class space    used 443K, capacity 489K, committed 512K, reserved 1048576K
}

