# JRE version: Java(TM) SE Runtime Environment (8.0_60-b27) (build 1.8.0_60-b27)
# Java VM: Java HotSpot(TM) 64-Bit Server VM (25.60-b23 mixed mode windows-amd64 compressed oops)
Heap:
 PSYoungGen      total 83968K, used 35317K [0x00000000d5c00000, 0x00000000db900000, 0x0000000100000000)
  eden space 75264K, 36% used [0x00000000d5c00000,0x00000000d7675c98,0x00000000da580000)
  from space 8704K, 94% used [0x00000000db080000,0x00000000db8878f8,0x00000000db900000)
  to   space 9728K, 0% used [0x00000000da600000,0x00000000da600000,0x00000000daf80000)
 ParOldGen       total 99328K, used 88842K [0x0000000081400000, 0x0000000087500000, 0x00000000d5c00000)
  object space 99328K, 89% used [0x0000000081400000,0x0000000086ac2850,0x0000000087500000)
 Metaspace       used 4189K, capacity 5438K, committed 5632K, reserved 1056768K
  class space    used 457K, capacity 489K, committed 512K, reserved 1048576K
GC Heap History (10 events):
Event: 20.042 GC heap before
{Heap before GC invocations=53 (full 2):
 PSYoungGen      total 67072K, used 66912K [0x00000000d5c00000, 0x00000000db700000, 0x0000000100000000)
  eden space 61952K, 100% used [0x00000000d5c00000,0x00000000d9880000,0x00000000d9880000)
  from space 5120K, 96% used [0x00000000da200000,0x00000000da6d8000,0x00000000da700000)
  to   space 9728K, 0% used [0x00000000d9880000,0x00000000d9880000,0x00000000da200000)
 ParOldGen       total 99328K, used 90738K [0x0000000081400000, 0x0000000087500000, 0x00000000d5c00000)
  object space 99328K, 91% used [0x0000000081400000,0x0000000086c9c9d8,0x0000000087500000)
 Metaspace       used 4143K, capacity 5438K, committed 5632K, reserved 1056768K
  class space    used 443K, capacity 489K, committed 512K, reserved 1048576K
Event: 20.090 GC heap after
Heap after GC invocations=53 (full 2):
 PSYoungGen      total 71680K, used 5312K [0x00000000d5c00000, 0x00000000db200000, 0x0000000100000000)
  eden space 61952K, 0% used [0x00000000d5c00000,0x00000000d5c00000,0x00000000d9880000)
  from space 9728K, 54% used [0x00000000d9880000,0x00000000d9db0000,0x00000000da200000)
  to   space 9728K, 0% used [0x00000000da880000,0x00000000da880000,0x00000000db200000)
 ParOldGen       total 99328K, used 92258K [0x0000000081400000, 0x0000000087500000, 0x00000000d5c00000)
  object space 99328K, 92% used [0x0000000081400000,0x0000000086e189d8,0x0000000087500000)
 Metaspace       used 4143K, capacity 5438K, committed 5632K, reserved 1056768K
  class space    used 443K, capacity 489K, committed 512K, reserved 1048576K
}
Event: 20.300 GC heap before
{Heap before GC invocations=54 (full 2):
 PSYoungGen      total 71680K, used 67264K [0x00000000d5c00000, 0x00000000db200000, 0x0000000100000000)
  eden space 61952K, 100% used [0x00000000d5c00000,0x00000000d9880000,0x00000000d9880000)
  from space 9728K, 54% used [0x00000000d9880000,0x00000000d9db0000,0x00000000da200000)
  to   space 9728K, 0% used [0x00000000da880000,0x00000000da880000,0x00000000db200000)
 ParOldGen       total 99328K, used 92258K [0x0000000081400000, 0x0000000087500000, 0x00000000d5c00000)
  object space 99328K, 92% used [0x0000000081400000,0x0000000086e189d8,0x0000000087500000)
 Metaspace       used 4143K, capacity 5438K, committed 5632K, reserved 1056768K
  class space    used 443K, capacity 489K, committed 512K, reserved 1048576K
Event: 20.358 GC heap after
Heap after GC invocations=54 (full 2):
 PSYoungGen      total 78336K, used 5664K [0x00000000d5c00000, 0x00000000db180000, 0x0000000100000000)
  eden space 69120K, 0% used [0x00000000d5c00000,0x00000000d5c00000,0x00000000d9f80000)
  from space 9216K, 61% used [0x00000000da880000,0x00000000dae08000,0x00000000db180000)
  to   space 9216K, 0% used [0x00000000d9f80000,0x00000000d9f80000,0x00000000da880000)
 ParOldGen       total 99328K, used 94290K [0x0000000081400000, 0x0000000087500000, 0x00000000d5c00000)
  object space 99328K, 94% used [0x0000000081400000,0x00000000870149d8,0x0000000087500000)
 Metaspace       used 4143K, capacity 5438K, committed 5632K, reserved 1056768K
  class space    used 443K, capacity 489K, committed 512K, reserved 1048576K
}
Event: 20.746 GC heap before
{Heap before GC invocations=55 (full 2):
 PSYoungGen      total 78336K, used 74784K [0x00000000d5c00000, 0x00000000db180000, 0x0000000100000000)
  eden space 69120K, 100% used [0x00000000d5c00000,0x00000000d9f80000,0x00000000d9f80000)
  from space 9216K, 61% used [0x00000000da880000,0x00000000dae08000,0x00000000db180000)
  to   space 9216K, 0% used [0x00000000d9f80000,0x00000000d9f80000,0x00000000da880000)
 ParOldGen       total 99328K, used 94290K [0x0000000081400000, 0x0000000087500000, 0x00000000d5c00000)
  object space 99328K, 94% used [0x0000000081400000,0x00000000870149d8,0x0000000087500000)
 Metaspace       used 4143K, capacity 5438K, committed 5632K, reserved 1056768K
  class space    used 443K, capacity 489K, committed 512K, reserved 1048576K
Event: 20.816 GC heap after
Heap after GC invocations=55 (full 2):
 PSYoungGen      total 78336K, used 6272K [0x00000000d5c00000, 0x00000000db980000, 0x0000000100000000)
  eden space 69120K, 0% used [0x00000000d5c00000,0x00000000d5c00000,0x00000000d9f80000)
  from space 9216K, 68% used [0x00000000d9f80000,0x00000000da5a0000,0x00000000da880000)
  to   space 9216K, 0% used [0x00000000db080000,0x00000000db080000,0x00000000db980000)
 ParOldGen       total 99328K, used 96074K [0x0000000081400000, 0x0000000087500000, 0x00000000d5c00000)
  object space 99328K, 96% used [0x0000000081400000,0x00000000871d29d8,0x0000000087500000)
 Metaspace       used 4143K, capacity 5438K, committed 5632K, reserved 1056768K
  class space    used 443K, capacity 489K, committed 512K, reserved 1048576K
}
Event: 20.816 GC heap before
{Heap before GC invocations=56 (full 3):
 PSYoungGen      total 78336K, used 6272K [0x00000000d5c00000, 0x00000000db980000, 0x0000000100000000)
  eden space 69120K, 0% used [0x00000000d5c00000,0x00000000d5c00000,0x00000000d9f80000)
  from space 9216K, 68% used [0x00000000d9f80000,0x00000000da5a0000,0x00000000da880000)
  to   space 9216K, 0% used [0x00000000db080000,0x00000000db080000,0x00000000db980000)
 ParOldGen       total 99328K, used 96074K [0x0000000081400000, 0x0000000087500000, 0x00000000d5c00000)
  object space 99328K, 96% used [0x0000000081400000,0x00000000871d29d8,0x0000000087500000)
 Metaspace       used 4143K, capacity 5438K, committed 5632K, reserved 1056768K
  class space    used 443K, capacity 489K, committed 512K, reserved 1048576K
Event: 23.143 GC heap after
Heap after GC invocations=56 (full 3):
 PSYoungGen      total 78336K, used 0K [0x00000000d5c00000, 0x00000000db980000, 0x0000000100000000)
  eden space 69120K, 0% used [0x00000000d5c00000,0x00000000d5c00000,0x00000000d9f80000)
  from space 9216K, 0% used [0x00000000d9f80000,0x00000000d9f80000,0x00000000da880000)
  to   space 9216K, 0% used [0x00000000db080000,0x00000000db080000,0x00000000db980000)
 ParOldGen       total 99328K, used 88842K [0x0000000081400000, 0x0000000087500000, 0x00000000d5c00000)
  object space 99328K, 89% used [0x0000000081400000,0x0000000086ac2850,0x0000000087500000)
 Metaspace       used 4143K, capacity 5438K, committed 5632K, reserved 1056768K
  class space    used 443K, capacity 489K, committed 512K, reserved 1048576K
}
Event: 23.673 GC heap before
{Heap before GC invocations=57 (full 3):
 PSYoungGen      total 78336K, used 69120K [0x00000000d5c00000, 0x00000000db980000, 0x0000000100000000)
  eden space 69120K, 100% used [0x00000000d5c00000,0x00000000d9f80000,0x00000000d9f80000)
  from space 9216K, 0% used [0x00000000d9f80000,0x00000000d9f80000,0x00000000da880000)
  to   space 9216K, 0% used [0x00000000db080000,0x00000000db080000,0x00000000db980000)
 ParOldGen       total 99328K, used 88842K [0x0000000081400000, 0x0000000087500000, 0x00000000d5c00000)
  object space 99328K, 89% used [0x0000000081400000,0x0000000086ac2850,0x0000000087500000)
 Metaspace       used 4143K, capacity 5438K, committed 5632K, reserved 1056768K
  class space    used 443K, capacity 489K, committed 512K, reserved 1048576K
Event: 23.730 GC heap after
Heap after GC invocations=57 (full 3):
 PSYoungGen      total 83968K, used 8222K [0x00000000d5c00000, 0x00000000db900000, 0x0000000100000000)
  eden space 75264K, 0% used [0x00000000d5c00000,0x00000000d5c00000,0x00000000da580000)
  from space 8704K, 94% used [0x00000000db080000,0x00000000db8878f8,0x00000000db900000)
  to   space 9728K, 0% used [0x00000000da600000,0x00000000da600000,0x00000000daf80000)
 ParOldGen       total 99328K, used 88842K [0x0000000081400000, 0x0000000087500000, 0x00000000d5c00000)
  object space 99328K, 89% used [0x0000000081400000,0x0000000086ac2850,0x0000000087500000)
 Metaspace       used 4143K, capacity 5438K, committed 5632K, reserved 1056768K
  class space    used 443K, capacity 489K, committed 512K, reserved 1048576K
}

