# JRE version: Java(TM) SE Runtime Environment (8.0_60-b27) (build 1.8.0_60-b27)
# Java VM: Java HotSpot(TM) 64-Bit Server VM (25.60-b23 mixed mode windows-amd64 compressed oops)
Heap:
 PSYoungGen      total 567296K, used 486204K [0x00000000d5c00000, 0x00000000fb700000, 0x0000000100000000)
  eden space 527872K, 85% used [0x00000000d5c00000,0x00000000f171aa88,0x00000000f5f80000)
  from space 39424K, 82% used [0x00000000f8980000,0x00000000fa9345c8,0x00000000fb000000)
  to   space 43008K, 0% used [0x00000000f5f80000,0x00000000f5f80000,0x00000000f8980000)
 ParOldGen       total 87552K, used 58764K [0x0000000081400000, 0x0000000086980000, 0x00000000d5c00000)
  object space 87552K, 67% used [0x0000000081400000,0x0000000084d631a8,0x0000000086980000)
 Metaspace       used 4116K, capacity 5438K, committed 5632K, reserved 1056768K
  class space    used 442K, capacity 489K, committed 512K, reserved 1048576K
GC Heap History (10 events):
Event: 5.532 GC heap before
{Heap before GC invocations=4 (full 0):
 PSYoungGen      total 71680K, used 71651K [0x00000000d5c00000, 0x00000000de800000, 0x0000000100000000)
  eden space 66560K, 100% used [0x00000000d5c00000,0x00000000d9d00000,0x00000000d9d00000)
  from space 5120K, 99% used [0x00000000d9d00000,0x00000000da1f8fb0,0x00000000da200000)
  to   space 5120K, 0% used [0x00000000de300000,0x00000000de300000,0x00000000de800000)
 ParOldGen       total 87552K, used 15256K [0x0000000081400000, 0x0000000086980000, 0x00000000d5c00000)
  object space 87552K, 17% used [0x0000000081400000,0x00000000822e61a8,0x0000000086980000)
 Metaspace       used 4116K, capacity 5438K, committed 5632K, reserved 1056768K
  class space    used 442K, capacity 489K, committed 512K, reserved 1048576K
Event: 5.603 GC heap after
Heap after GC invocations=4 (full 0):
 PSYoungGen      total 138240K, used 5088K [0x00000000d5c00000, 0x00000000de800000, 0x0000000100000000)
  eden space 133120K, 0% used [0x00000000d5c00000,0x00000000d5c00000,0x00000000dde00000)
  from space 5120K, 99% used [0x00000000de300000,0x00000000de7f8060,0x00000000de800000)
  to   space 5120K, 0% used [0x00000000dde00000,0x00000000dde00000,0x00000000de300000)
 ParOldGen       total 87552K, used 25229K [0x0000000081400000, 0x0000000086980000, 0x00000000d5c00000)
  object space 87552K, 28% used [0x0000000081400000,0x0000000082ca3620,0x0000000086980000)
 Metaspace       used 4116K, capacity 5438K, committed 5632K, reserved 1056768K
  class space    used 442K, capacity 489K, committed 512K, reserved 1048576K
}
Event: 6.410 GC heap before
{Heap before GC invocations=5 (full 0):
 PSYoungGen      total 138240K, used 138208K [0x00000000d5c00000, 0x00000000de800000, 0x0000000100000000)
  eden space 133120K, 100% used [0x00000000d5c00000,0x00000000dde00000,0x00000000dde00000)
  from space 5120K, 99% used [0x00000000de300000,0x00000000de7f8060,0x00000000de800000)
  to   space 5120K, 0% used [0x00000000dde00000,0x00000000dde00000,0x00000000de300000)
 ParOldGen       total 87552K, used 25229K [0x0000000081400000, 0x0000000086980000, 0x00000000d5c00000)
  object space 87552K, 28% used [0x0000000081400000,0x0000000082ca3620,0x0000000086980000)
 Metaspace       used 4116K, capacity 5438K, committed 5632K, reserved 1056768K
  class space    used 442K, capacity 489K, committed 512K, reserved 1048576K
Event: 6.548 GC heap after
Heap after GC invocations=5 (full 0):
 PSYoungGen      total 138240K, used 5088K [0x00000000d5c00000, 0x00000000e9800000, 0x0000000100000000)
  eden space 133120K, 0% used [0x00000000d5c00000,0x00000000d5c00000,0x00000000dde00000)
  from space 5120K, 99% used [0x00000000dde00000,0x00000000de2f8050,0x00000000de300000)
  to   space 28672K, 0% used [0x00000000e7c00000,0x00000000e7c00000,0x00000000e9800000)
 ParOldGen       total 87552K, used 47732K [0x0000000081400000, 0x0000000086980000, 0x00000000d5c00000)
  object space 87552K, 54% used [0x0000000081400000,0x000000008429d188,0x0000000086980000)
 Metaspace       used 4116K, capacity 5438K, committed 5632K, reserved 1056768K
  class space    used 442K, capacity 489K, committed 512K, reserved 1048576K
}
Event: 7.005 GC heap before
{Heap before GC invocations=6 (full 0):
 PSYoungGen      total 138240K, used 138208K [0x00000000d5c00000, 0x00000000e9800000, 0x0000000100000000)
  eden space 133120K, 100% used [0x00000000d5c00000,0x00000000dde00000,0x00000000dde00000)
  from space 5120K, 99% used [0x00000000dde00000,0x00000000de2f8050,0x00000000de300000)
  to   space 28672K, 0% used [0x00000000e7c00000,0x00000000e7c00000,0x00000000e9800000)
 ParOldGen       total 87552K, used 47732K [0x0000000081400000, 0x0000000086980000, 0x00000000d5c00000)
  object space 87552K, 54% used [0x0000000081400000,0x000000008429d188,0x0000000086980000)
 Metaspace       used 4116K, capacity 5438K, committed 5632K, reserved 1056768K
  class space    used 442K, capacity 489K, committed 512K, reserved 1048576K
Event: 7.073 GC heap after
Heap after GC invocations=6 (full 0):
 PSYoungGen      total 294400K, used 19190K [0x00000000d5c00000, 0x00000000e9900000, 0x0000000100000000)
  eden space 265728K, 0% used [0x00000000d5c00000,0x00000000d5c00000,0x00000000e5f80000)
  from space 28672K, 66% used [0x00000000e7c00000,0x00000000e8ebd840,0x00000000e9800000)
  to   space 29184K, 0% used [0x00000000e5f80000,0x00000000e5f80000,0x00000000e7c00000)
 ParOldGen       total 87552K, used 47732K [0x0000000081400000, 0x0000000086980000, 0x00000000d5c00000)
  object space 87552K, 54% used [0x0000000081400000,0x000000008429d188,0x0000000086980000)
 Metaspace       used 4116K, capacity 5438K, committed 5632K, reserved 1056768K
  class space    used 442K, capacity 489K, committed 512K, reserved 1048576K
}
Event: 7.811 GC heap before
{Heap before GC invocations=7 (full 0):
 PSYoungGen      total 294400K, used 284918K [0x00000000d5c00000, 0x00000000e9900000, 0x0000000100000000)
  eden space 265728K, 100% used [0x00000000d5c00000,0x00000000e5f80000,0x00000000e5f80000)
  from space 28672K, 66% used [0x00000000e7c00000,0x00000000e8ebd840,0x00000000e9800000)
  to   space 29184K, 0% used [0x00000000e5f80000,0x00000000e5f80000,0x00000000e7c00000)
 ParOldGen       total 87552K, used 47732K [0x0000000081400000, 0x0000000086980000, 0x00000000d5c00000)
  object space 87552K, 54% used [0x0000000081400000,0x000000008429d188,0x0000000086980000)
 Metaspace       used 4116K, capacity 5438K, committed 5632K, reserved 1056768K
  class space    used 442K, capacity 489K, committed 512K, reserved 1048576K
Event: 7.914 GC heap after
Heap after GC invocations=7 (full 0):
 PSYoungGen      total 294912K, used 29153K [0x00000000d5c00000, 0x00000000fb000000, 0x0000000100000000)
  eden space 265728K, 0% used [0x00000000d5c00000,0x00000000d5c00000,0x00000000e5f80000)
  from space 29184K, 99% used [0x00000000e5f80000,0x00000000e7bf8418,0x00000000e7c00000)
  to   space 39424K, 0% used [0x00000000f8980000,0x00000000f8980000,0x00000000fb000000)
 ParOldGen       total 87552K, used 58468K [0x0000000081400000, 0x0000000086980000, 0x00000000d5c00000)
  object space 87552K, 66% used [0x0000000081400000,0x0000000084d19198,0x0000000086980000)
 Metaspace       used 4116K, capacity 5438K, committed 5632K, reserved 1056768K
  class space    used 442K, capacity 489K, committed 512K, reserved 1048576K
}
Event: 8.550 GC heap before
{Heap before GC invocations=8 (full 0):
 PSYoungGen      total 294912K, used 294881K [0x00000000d5c00000, 0x00000000fb000000, 0x0000000100000000)
  eden space 265728K, 100% used [0x00000000d5c00000,0x00000000e5f80000,0x00000000e5f80000)
  from space 29184K, 99% used [0x00000000e5f80000,0x00000000e7bf8418,0x00000000e7c00000)
  to   space 39424K, 0% used [0x00000000f8980000,0x00000000f8980000,0x00000000fb000000)
 ParOldGen       total 87552K, used 58468K [0x0000000081400000, 0x0000000086980000, 0x00000000d5c00000)
  object space 87552K, 66% used [0x0000000081400000,0x0000000084d19198,0x0000000086980000)
 Metaspace       used 4116K, capacity 5438K, committed 5632K, reserved 1056768K
  class space    used 442K, capacity 489K, committed 512K, reserved 1048576K
Event: 8.645 GC heap after
Heap after GC invocations=8 (full 0):
 PSYoungGen      total 567296K, used 32465K [0x00000000d5c00000, 0x00000000fb700000, 0x0000000100000000)
  eden space 527872K, 0% used [0x00000000d5c00000,0x00000000d5c00000,0x00000000f5f80000)
  from space 39424K, 82% used [0x00000000f8980000,0x00000000fa9345c8,0x00000000fb000000)
  to   space 43008K, 0% used [0x00000000f5f80000,0x00000000f5f80000,0x00000000f8980000)
 ParOldGen       total 87552K, used 58764K [0x0000000081400000, 0x0000000086980000, 0x00000000d5c00000)
  object space 87552K, 67% used [0x0000000081400000,0x0000000084d631a8,0x0000000086980000)
 Metaspace       used 4116K, capacity 5438K, committed 5632K, reserved 1056768K
  class space    used 442K, capacity 489K, committed 512K, reserved 1048576K
}

