# JRE version: Java(TM) SE Runtime Environment (8.0_60-b27) (build 1.8.0_60-b27)
# Java VM: Java HotSpot(TM) 64-Bit Server VM (25.60-b23 mixed mode windows-amd64 compressed oops)
Heap:
 PSYoungGen      total 287232K, used 85014K [0x00000000d5c00000, 0x00000000e8b00000, 0x0000000100000000)
  eden space 265728K, 31% used [0x00000000d5c00000,0x00000000daf05b50,0x00000000e5f80000)
  from space 21504K, 0% used [0x00000000e7500000,0x00000000e7500000,0x00000000e8a00000)
  to   space 22016K, 0% used [0x00000000e5f80000,0x00000000e5f80000,0x00000000e7500000)
 ParOldGen       total 132096K, used 62377K [0x0000000081400000, 0x0000000089500000, 0x00000000d5c00000)
  object space 132096K, 47% used [0x0000000081400000,0x00000000850ea440,0x0000000089500000)
 Metaspace       used 4126K, capacity 5438K, committed 5632K, reserved 1056768K
  class space    used 443K, capacity 489K, committed 512K, reserved 1048576K
GC Heap History (10 events):
Event: 7.421 GC heap before
{Heap before GC invocations=7 (full 0):
 PSYoungGen      total 287232K, used 281270K [0x00000000d5c00000, 0x00000000e8b00000, 0x0000000100000000)
  eden space 265728K, 100% used [0x00000000d5c00000,0x00000000e5f80000,0x00000000e5f80000)
  from space 21504K, 72% used [0x00000000e7500000,0x00000000e842d820,0x00000000e8a00000)
  to   space 22016K, 0% used [0x00000000e5f80000,0x00000000e5f80000,0x00000000e7500000)
 ParOldGen       total 87552K, used 33484K [0x0000000081400000, 0x0000000086980000, 0x00000000d5c00000)
  object space 87552K, 38% used [0x0000000081400000,0x00000000834b31e0,0x0000000086980000)
 Metaspace       used 4110K, capacity 5438K, committed 5632K, reserved 1056768K
  class space    used 442K, capacity 489K, committed 512K, reserved 1048576K
Event: 7.704 GC heap after
Heap after GC invocations=7 (full 0):
 PSYoungGen      total 287744K, used 21984K [0x00000000d5c00000, 0x00000000e8b00000, 0x0000000100000000)
  eden space 265728K, 0% used [0x00000000d5c00000,0x00000000d5c00000,0x00000000e5f80000)
  from space 22016K, 99% used [0x00000000e5f80000,0x00000000e74f83e8,0x00000000e7500000)
  to   space 21504K, 0% used [0x00000000e7500000,0x00000000e7500000,0x00000000e8a00000)
 ParOldGen       total 87552K, used 49425K [0x0000000081400000, 0x0000000086980000, 0x00000000d5c00000)
  object space 87552K, 56% used [0x0000000081400000,0x00000000844447c8,0x0000000086980000)
 Metaspace       used 4110K, capacity 5438K, committed 5632K, reserved 1056768K
  class space    used 442K, capacity 489K, committed 512K, reserved 1048576K
}
Event: 9.929 GC heap before
{Heap before GC invocations=8 (full 0):
 PSYoungGen      total 287744K, used 287712K [0x00000000d5c00000, 0x00000000e8b00000, 0x0000000100000000)
  eden space 265728K, 100% used [0x00000000d5c00000,0x00000000e5f80000,0x00000000e5f80000)
  from space 22016K, 99% used [0x00000000e5f80000,0x00000000e74f83e8,0x00000000e7500000)
  to   space 21504K, 0% used [0x00000000e7500000,0x00000000e7500000,0x00000000e8a00000)
 ParOldGen       total 87552K, used 49425K [0x0000000081400000, 0x0000000086980000, 0x00000000d5c00000)
  object space 87552K, 56% used [0x0000000081400000,0x00000000844447c8,0x0000000086980000)
 Metaspace       used 4110K, capacity 5438K, committed 5632K, reserved 1056768K
  class space    used 442K, capacity 489K, committed 512K, reserved 1048576K
Event: 10.156 GC heap after
Heap after GC invocations=8 (full 0):
 PSYoungGen      total 287232K, used 21489K [0x00000000d5c00000, 0x00000000e8b00000, 0x0000000100000000)
  eden space 265728K, 0% used [0x00000000d5c00000,0x00000000d5c00000,0x00000000e5f80000)
  from space 21504K, 99% used [0x00000000e7500000,0x00000000e89fc598,0x00000000e8a00000)
  to   space 22016K, 0% used [0x00000000e5f80000,0x00000000e5f80000,0x00000000e7500000)
 ParOldGen       total 87552K, used 61145K [0x0000000081400000, 0x0000000086980000, 0x00000000d5c00000)
  object space 87552K, 69% used [0x0000000081400000,0x0000000084fb67e8,0x0000000086980000)
 Metaspace       used 4110K, capacity 5438K, committed 5632K, reserved 1056768K
  class space    used 442K, capacity 489K, committed 512K, reserved 1048576K
}
Event: 11.427 GC heap before
{Heap before GC invocations=9 (full 0):
 PSYoungGen      total 287232K, used 287217K [0x00000000d5c00000, 0x00000000e8b00000, 0x0000000100000000)
  eden space 265728K, 100% used [0x00000000d5c00000,0x00000000e5f80000,0x00000000e5f80000)
  from space 21504K, 99% used [0x00000000e7500000,0x00000000e89fc598,0x00000000e8a00000)
  to   space 22016K, 0% used [0x00000000e5f80000,0x00000000e5f80000,0x00000000e7500000)
 ParOldGen       total 87552K, used 61145K [0x0000000081400000, 0x0000000086980000, 0x00000000d5c00000)
  object space 87552K, 69% used [0x0000000081400000,0x0000000084fb67e8,0x0000000086980000)
 Metaspace       used 4110K, capacity 5438K, committed 5632K, reserved 1056768K
  class space    used 442K, capacity 489K, committed 512K, reserved 1048576K
Event: 11.563 GC heap after
Heap after GC invocations=9 (full 0):
 PSYoungGen      total 287744K, used 22001K [0x00000000d5c00000, 0x00000000e8b00000, 0x0000000100000000)
  eden space 265728K, 0% used [0x00000000d5c00000,0x00000000d5c00000,0x00000000e5f80000)
  from space 22016K, 99% used [0x00000000e5f80000,0x00000000e74fc568,0x00000000e7500000)
  to   space 21504K, 0% used [0x00000000e7500000,0x00000000e7500000,0x00000000e8a00000)
 ParOldGen       total 87552K, used 66194K [0x0000000081400000, 0x0000000086980000, 0x00000000d5c00000)
  object space 87552K, 75% used [0x0000000081400000,0x00000000854a4818,0x0000000086980000)
 Metaspace       used 4110K, capacity 5438K, committed 5632K, reserved 1056768K
  class space    used 442K, capacity 489K, committed 512K, reserved 1048576K
}
Event: 12.655 GC heap before
{Heap before GC invocations=10 (full 0):
 PSYoungGen      total 287744K, used 287729K [0x00000000d5c00000, 0x00000000e8b00000, 0x0000000100000000)
  eden space 265728K, 100% used [0x00000000d5c00000,0x00000000e5f80000,0x00000000e5f80000)
  from space 22016K, 99% used [0x00000000e5f80000,0x00000000e74fc568,0x00000000e7500000)
  to   space 21504K, 0% used [0x00000000e7500000,0x00000000e7500000,0x00000000e8a00000)
 ParOldGen       total 87552K, used 66194K [0x0000000081400000, 0x0000000086980000, 0x00000000d5c00000)
  object space 87552K, 75% used [0x0000000081400000,0x00000000854a4818,0x0000000086980000)
 Metaspace       used 4123K, capacity 5438K, committed 5632K, reserved 1056768K
  class space    used 443K, capacity 489K, committed 512K, reserved 1048576K
Event: 12.838 GC heap after
Heap after GC invocations=10 (full 0):
 PSYoungGen      total 287232K, used 19401K [0x00000000d5c00000, 0x00000000e8b00000, 0x0000000100000000)
  eden space 265728K, 0% used [0x00000000d5c00000,0x00000000d5c00000,0x00000000e5f80000)
  from space 21504K, 90% used [0x00000000e7500000,0x00000000e87f2798,0x00000000e8a00000)
  to   space 22016K, 0% used [0x00000000e5f80000,0x00000000e5f80000,0x00000000e7500000)
 ParOldGen       total 87552K, used 74570K [0x0000000081400000, 0x0000000086980000, 0x00000000d5c00000)
  object space 87552K, 85% used [0x0000000081400000,0x0000000085cd2868,0x0000000086980000)
 Metaspace       used 4123K, capacity 5438K, committed 5632K, reserved 1056768K
  class space    used 443K, capacity 489K, committed 512K, reserved 1048576K
}
Event: 12.838 GC heap before
{Heap before GC invocations=11 (full 1):
 PSYoungGen      total 287232K, used 19401K [0x00000000d5c00000, 0x00000000e8b00000, 0x0000000100000000)
  eden space 265728K, 0% used [0x00000000d5c00000,0x00000000d5c00000,0x00000000e5f80000)
  from space 21504K, 90% used [0x00000000e7500000,0x00000000e87f2798,0x00000000e8a00000)
  to   space 22016K, 0% used [0x00000000e5f80000,0x00000000e5f80000,0x00000000e7500000)
 ParOldGen       total 87552K, used 74570K [0x0000000081400000, 0x0000000086980000, 0x00000000d5c00000)
  object space 87552K, 85% used [0x0000000081400000,0x0000000085cd2868,0x0000000086980000)
 Metaspace       used 4123K, capacity 5438K, committed 5632K, reserved 1056768K
  class space    used 443K, capacity 489K, committed 512K, reserved 1048576K
Event: 14.808 GC heap after
Heap after GC invocations=11 (full 1):
 PSYoungGen      total 287232K, used 0K [0x00000000d5c00000, 0x00000000e8b00000, 0x0000000100000000)
  eden space 265728K, 0% used [0x00000000d5c00000,0x00000000d5c00000,0x00000000e5f80000)
  from space 21504K, 0% used [0x00000000e7500000,0x00000000e7500000,0x00000000e8a00000)
  to   space 22016K, 0% used [0x00000000e5f80000,0x00000000e5f80000,0x00000000e7500000)
 ParOldGen       total 132096K, used 62377K [0x0000000081400000, 0x0000000089500000, 0x00000000d5c00000)
  object space 132096K, 47% used [0x0000000081400000,0x00000000850ea440,0x0000000089500000)
 Metaspace       used 4123K, capacity 5438K, committed 5632K, reserved 1056768K
  class space    used 443K, capacity 489K, committed 512K, reserved 1048576K
}

