# JRE version: Java(TM) SE Runtime Environment (8.0_60-b27) (build 1.8.0_60-b27)
# Java VM: Java HotSpot(TM) 64-Bit Server VM (25.60-b23 mixed mode windows-amd64 compressed oops)
Heap:
 PSYoungGen      total 293888K, used 273166K [0x00000000d5c00000, 0x00000000e9600000, 0x0000000100000000)
  eden space 266240K, 94% used [0x00000000d5c00000,0x00000000e5273a98,0x00000000e6000000)
  from space 27648K, 75% used [0x00000000e7b00000,0x00000000e8f50000,0x00000000e9600000)
  to   space 27648K, 0% used [0x00000000e6000000,0x00000000e6000000,0x00000000e7b00000)
 ParOldGen       total 130560K, used 89314K [0x0000000081400000, 0x0000000089380000, 0x00000000d5c00000)
  object space 130560K, 68% used [0x0000000081400000,0x0000000086b38990,0x0000000089380000)
 Metaspace       used 4130K, capacity 5438K, committed 5632K, reserved 1056768K
  class space    used 444K, capacity 489K, committed 512K, reserved 1048576K
GC Heap History (10 events):
Event: 19.732 GC heap before
{Heap before GC invocations=14 (full 1):
 PSYoungGen      total 293888K, used 293865K [0x00000000d5c00000, 0x00000000e9600000, 0x0000000100000000)
  eden space 266240K, 100% used [0x00000000d5c00000,0x00000000e6000000,0x00000000e6000000)
  from space 27648K, 99% used [0x00000000e7b00000,0x00000000e95fa7b8,0x00000000e9600000)
  to   space 27648K, 0% used [0x00000000e6000000,0x00000000e6000000,0x00000000e7b00000)
 ParOldGen       total 130560K, used 93743K [0x0000000081400000, 0x0000000089380000, 0x00000000d5c00000)
  object space 130560K, 71% used [0x0000000081400000,0x0000000086f8bdb8,0x0000000089380000)
 Metaspace       used 4126K, capacity 5438K, committed 5632K, reserved 1056768K
  class space    used 443K, capacity 489K, committed 512K, reserved 1048576K
Event: 19.952 GC heap after
Heap after GC invocations=14 (full 1):
 PSYoungGen      total 293888K, used 27646K [0x00000000d5c00000, 0x00000000e9600000, 0x0000000100000000)
  eden space 266240K, 0% used [0x00000000d5c00000,0x00000000d5c00000,0x00000000e6000000)
  from space 27648K, 99% used [0x00000000e6000000,0x00000000e7affb78,0x00000000e7b00000)
  to   space 27648K, 0% used [0x00000000e7b00000,0x00000000e7b00000,0x00000000e9600000)
 ParOldGen       total 130560K, used 101431K [0x0000000081400000, 0x0000000089380000, 0x00000000d5c00000)
  object space 130560K, 77% used [0x0000000081400000,0x000000008770dde8,0x0000000089380000)
 Metaspace       used 4126K, capacity 5438K, committed 5632K, reserved 1056768K
  class space    used 443K, capacity 489K, committed 512K, reserved 1048576K
}
Event: 21.339 GC heap before
{Heap before GC invocations=15 (full 1):
 PSYoungGen      total 293888K, used 293886K [0x00000000d5c00000, 0x00000000e9600000, 0x0000000100000000)
  eden space 266240K, 100% used [0x00000000d5c00000,0x00000000e6000000,0x00000000e6000000)
  from space 27648K, 99% used [0x00000000e6000000,0x00000000e7affb78,0x00000000e7b00000)
  to   space 27648K, 0% used [0x00000000e7b00000,0x00000000e7b00000,0x00000000e9600000)
 ParOldGen       total 130560K, used 101431K [0x0000000081400000, 0x0000000089380000, 0x00000000d5c00000)
  object space 130560K, 77% used [0x0000000081400000,0x000000008770dde8,0x0000000089380000)
 Metaspace       used 4126K, capacity 5438K, committed 5632K, reserved 1056768K
  class space    used 443K, capacity 489K, committed 512K, reserved 1048576K
Event: 21.574 GC heap after
Heap after GC invocations=15 (full 1):
 PSYoungGen      total 293888K, used 22526K [0x00000000d5c00000, 0x00000000e9600000, 0x0000000100000000)
  eden space 266240K, 0% used [0x00000000d5c00000,0x00000000d5c00000,0x00000000e6000000)
  from space 27648K, 81% used [0x00000000e7b00000,0x00000000e90ffb58,0x00000000e9600000)
  to   space 27648K, 0% used [0x00000000e6000000,0x00000000e6000000,0x00000000e7b00000)
 ParOldGen       total 130560K, used 111951K [0x0000000081400000, 0x0000000089380000, 0x00000000d5c00000)
  object space 130560K, 85% used [0x0000000081400000,0x0000000088153e18,0x0000000089380000)
 Metaspace       used 4126K, capacity 5438K, committed 5632K, reserved 1056768K
  class space    used 443K, capacity 489K, committed 512K, reserved 1048576K
}
Event: 21.574 GC heap before
{Heap before GC invocations=16 (full 2):
 PSYoungGen      total 293888K, used 22526K [0x00000000d5c00000, 0x00000000e9600000, 0x0000000100000000)
  eden space 266240K, 0% used [0x00000000d5c00000,0x00000000d5c00000,0x00000000e6000000)
  from space 27648K, 81% used [0x00000000e7b00000,0x00000000e90ffb58,0x00000000e9600000)
  to   space 27648K, 0% used [0x00000000e6000000,0x00000000e6000000,0x00000000e7b00000)
 ParOldGen       total 130560K, used 111951K [0x0000000081400000, 0x0000000089380000, 0x00000000d5c00000)
  object space 130560K, 85% used [0x0000000081400000,0x0000000088153e18,0x0000000089380000)
 Metaspace       used 4126K, capacity 5438K, committed 5632K, reserved 1056768K
  class space    used 443K, capacity 489K, committed 512K, reserved 1048576K
Event: 24.429 GC heap after
Heap after GC invocations=16 (full 2):
 PSYoungGen      total 293888K, used 0K [0x00000000d5c00000, 0x00000000e9600000, 0x0000000100000000)
  eden space 266240K, 0% used [0x00000000d5c00000,0x00000000d5c00000,0x00000000e6000000)
  from space 27648K, 0% used [0x00000000e7b00000,0x00000000e7b00000,0x00000000e9600000)
  to   space 27648K, 0% used [0x00000000e6000000,0x00000000e6000000,0x00000000e7b00000)
 ParOldGen       total 130560K, used 89314K [0x0000000081400000, 0x0000000089380000, 0x00000000d5c00000)
  object space 130560K, 68% used [0x0000000081400000,0x0000000086b38990,0x0000000089380000)
 Metaspace       used 4126K, capacity 5438K, committed 5632K, reserved 1056768K
  class space    used 443K, capacity 489K, committed 512K, reserved 1048576K
}
Event: 25.787 GC heap before
{Heap before GC invocations=17 (full 2):
 PSYoungGen      total 293888K, used 266240K [0x00000000d5c00000, 0x00000000e9600000, 0x0000000100000000)
  eden space 266240K, 100% used [0x00000000d5c00000,0x00000000e6000000,0x00000000e6000000)
  from space 27648K, 0% used [0x00000000e7b00000,0x00000000e7b00000,0x00000000e9600000)
  to   space 27648K, 0% used [0x00000000e6000000,0x00000000e6000000,0x00000000e7b00000)
 ParOldGen       total 130560K, used 89314K [0x0000000081400000, 0x0000000089380000, 0x00000000d5c00000)
  object space 130560K, 68% used [0x0000000081400000,0x0000000086b38990,0x0000000089380000)
 Metaspace       used 4126K, capacity 5438K, committed 5632K, reserved 1056768K
  class space    used 443K, capacity 489K, committed 512K, reserved 1048576K
Event: 25.940 GC heap after
Heap after GC invocations=17 (full 2):
 PSYoungGen      total 293888K, used 15456K [0x00000000d5c00000, 0x00000000e9600000, 0x0000000100000000)
  eden space 266240K, 0% used [0x00000000d5c00000,0x00000000d5c00000,0x00000000e6000000)
  from space 27648K, 55% used [0x00000000e6000000,0x00000000e6f18000,0x00000000e7b00000)
  to   space 27648K, 0% used [0x00000000e7b00000,0x00000000e7b00000,0x00000000e9600000)
 ParOldGen       total 130560K, used 89314K [0x0000000081400000, 0x0000000089380000, 0x00000000d5c00000)
  object space 130560K, 68% used [0x0000000081400000,0x0000000086b38990,0x0000000089380000)
 Metaspace       used 4126K, capacity 5438K, committed 5632K, reserved 1056768K
  class space    used 443K, capacity 489K, committed 512K, reserved 1048576K
}
Event: 27.489 GC heap before
{Heap before GC invocations=18 (full 2):
 PSYoungGen      total 293888K, used 281696K [0x00000000d5c00000, 0x00000000e9600000, 0x0000000100000000)
  eden space 266240K, 100% used [0x00000000d5c00000,0x00000000e6000000,0x00000000e6000000)
  from space 27648K, 55% used [0x00000000e6000000,0x00000000e6f18000,0x00000000e7b00000)
  to   space 27648K, 0% used [0x00000000e7b00000,0x00000000e7b00000,0x00000000e9600000)
 ParOldGen       total 130560K, used 89314K [0x0000000081400000, 0x0000000089380000, 0x00000000d5c00000)
  object space 130560K, 68% used [0x0000000081400000,0x0000000086b38990,0x0000000089380000)
 Metaspace       used 4126K, capacity 5438K, committed 5632K, reserved 1056768K
  class space    used 443K, capacity 489K, committed 512K, reserved 1048576K
Event: 27.652 GC heap after
Heap after GC invocations=18 (full 2):
 PSYoungGen      total 293888K, used 20800K [0x00000000d5c00000, 0x00000000e9600000, 0x0000000100000000)
  eden space 266240K, 0% used [0x00000000d5c00000,0x00000000d5c00000,0x00000000e6000000)
  from space 27648K, 75% used [0x00000000e7b00000,0x00000000e8f50000,0x00000000e9600000)
  to   space 27648K, 0% used [0x00000000e6000000,0x00000000e6000000,0x00000000e7b00000)
 ParOldGen       total 130560K, used 89314K [0x0000000081400000, 0x0000000089380000, 0x00000000d5c00000)
  object space 130560K, 68% used [0x0000000081400000,0x0000000086b38990,0x0000000089380000)
 Metaspace       used 4126K, capacity 5438K, committed 5632K, reserved 1056768K
  class space    used 443K, capacity 489K, committed 512K, reserved 1048576K
}

